                                 Started job on |	Jul 23 11:13:26
                             Started mapping on |	Jul 23 11:18:30
                                    Finished on |	Jul 23 11:39:41
       Mapping speed, Million of reads per hour |	109.43

                          Number of input reads |	38635533
                      Average input read length |	271
                                    UNIQUE READS:
                   Uniquely mapped reads number |	35740859
                        Uniquely mapped reads % |	92.51%
                          Average mapped length |	267.45
                       Number of splices: Total |	31201329
            Number of splices: Annotated (sjdb) |	30185061
                       Number of splices: GT/AG |	30694602
                       Number of splices: GC/AG |	401430
                       Number of splices: AT/AC |	56545
               Number of splices: Non-canonical |	48752
                      Mismatch rate per base, % |	0.30%
                         Deletion rate per base |	0.01%
                        Deletion average length |	1.51
                        Insertion rate per base |	0.00%
                       Insertion average length |	1.18
                             MULTI-MAPPING READS:
        Number of reads mapped to multiple loci |	2085112
             % of reads mapped to multiple loci |	5.40%
        Number of reads mapped to too many loci |	208588
             % of reads mapped to too many loci |	0.54%
                                  UNMAPPED READS:
       % of reads unmapped: too many mismatches |	0.00%
                 % of reads unmapped: too short |	1.55%
                     % of reads unmapped: other |	0.01%
                                  CHIMERIC READS:
                       Number of chimeric reads |	0
                            % of chimeric reads |	0.00%
