                                 Started job on |	Jul 27 19:26:54
                             Started mapping on |	Jul 27 19:27:17
                                    Finished on |	Jul 27 21:51:41
       Mapping speed, Million of reads per hour |	27.96

                          Number of input reads |	67295353
                      Average input read length |	277
                                    UNIQUE READS:
                   Uniquely mapped reads number |	46381448
                        Uniquely mapped reads % |	68.92%
                          Average mapped length |	276.08
                       Number of splices: Total |	41518224
            Number of splices: Annotated (sjdb) |	40109267
                       Number of splices: GT/AG |	40567058
                       Number of splices: GC/AG |	539949
                       Number of splices: AT/AC |	64444
               Number of splices: Non-canonical |	346773
                      Mismatch rate per base, % |	0.86%
                         Deletion rate per base |	0.09%
                        Deletion average length |	3.16
                        Insertion rate per base |	0.08%
                       Insertion average length |	2.33
                             MULTI-MAPPING READS:
        Number of reads mapped to multiple loci |	16123898
             % of reads mapped to multiple loci |	23.96%
        Number of reads mapped to too many loci |	1219795
             % of reads mapped to too many loci |	1.81%
                                  UNMAPPED READS:
       % of reads unmapped: too many mismatches |	0.00%
                 % of reads unmapped: too short |	5.18%
                     % of reads unmapped: other |	0.13%
                                  CHIMERIC READS:
                       Number of chimeric reads |	0
                            % of chimeric reads |	0.00%
