                                 Started job on |	Jul 23 02:17:36
                             Started mapping on |	Jul 23 02:18:03
                                    Finished on |	Jul 23 02:37:59
       Mapping speed, Million of reads per hour |	122.74

                          Number of input reads |	40776492
                      Average input read length |	272
                                    UNIQUE READS:
                   Uniquely mapped reads number |	37594522
                        Uniquely mapped reads % |	92.20%
                          Average mapped length |	268.44
                       Number of splices: Total |	32484206
            Number of splices: Annotated (sjdb) |	31343180
                       Number of splices: GT/AG |	31915795
                       Number of splices: GC/AG |	430361
                       Number of splices: AT/AC |	61876
               Number of splices: Non-canonical |	76174
                      Mismatch rate per base, % |	0.30%
                         Deletion rate per base |	0.01%
                        Deletion average length |	1.45
                        Insertion rate per base |	0.00%
                       Insertion average length |	1.17
                             MULTI-MAPPING READS:
        Number of reads mapped to multiple loci |	2337781
             % of reads mapped to multiple loci |	5.73%
        Number of reads mapped to too many loci |	144327
             % of reads mapped to too many loci |	0.35%
                                  UNMAPPED READS:
       % of reads unmapped: too many mismatches |	0.00%
                 % of reads unmapped: too short |	1.70%
                     % of reads unmapped: other |	0.01%
                                  CHIMERIC READS:
                       Number of chimeric reads |	0
                            % of chimeric reads |	0.00%
