                                 Started job on |	Jul 23 02:12:12
                             Started mapping on |	Jul 23 02:17:19
                                    Finished on |	Jul 23 02:36:57
       Mapping speed, Million of reads per hour |	124.84

                          Number of input reads |	40850695
                      Average input read length |	269
                                    UNIQUE READS:
                   Uniquely mapped reads number |	37836153
                        Uniquely mapped reads % |	92.62%
                          Average mapped length |	265.76
                       Number of splices: Total |	31523684
            Number of splices: Annotated (sjdb) |	30389498
                       Number of splices: GT/AG |	30979706
                       Number of splices: GC/AG |	408207
                       Number of splices: AT/AC |	76385
               Number of splices: Non-canonical |	59386
                      Mismatch rate per base, % |	0.31%
                         Deletion rate per base |	0.01%
                        Deletion average length |	1.48
                        Insertion rate per base |	0.00%
                       Insertion average length |	1.17
                             MULTI-MAPPING READS:
        Number of reads mapped to multiple loci |	2220500
             % of reads mapped to multiple loci |	5.44%
        Number of reads mapped to too many loci |	123902
             % of reads mapped to too many loci |	0.30%
                                  UNMAPPED READS:
       % of reads unmapped: too many mismatches |	0.00%
                 % of reads unmapped: too short |	1.63%
                     % of reads unmapped: other |	0.01%
                                  CHIMERIC READS:
                       Number of chimeric reads |	0
                            % of chimeric reads |	0.00%
