                                 Started job on |	Jul 23 06:40:45
                             Started mapping on |	Jul 23 06:45:18
                                    Finished on |	Jul 23 06:56:25
       Mapping speed, Million of reads per hour |	220.84

                          Number of input reads |	40917358
                      Average input read length |	272
                                    UNIQUE READS:
                   Uniquely mapped reads number |	37594406
                        Uniquely mapped reads % |	91.88%
                          Average mapped length |	268.99
                       Number of splices: Total |	30550093
            Number of splices: Annotated (sjdb) |	29612917
                       Number of splices: GT/AG |	29985168
                       Number of splices: GC/AG |	485985
                       Number of splices: AT/AC |	42554
               Number of splices: Non-canonical |	36386
                      Mismatch rate per base, % |	0.30%
                         Deletion rate per base |	0.01%
                        Deletion average length |	1.49
                        Insertion rate per base |	0.00%
                       Insertion average length |	1.18
                             MULTI-MAPPING READS:
        Number of reads mapped to multiple loci |	2392255
             % of reads mapped to multiple loci |	5.85%
        Number of reads mapped to too many loci |	84768
             % of reads mapped to too many loci |	0.21%
                                  UNMAPPED READS:
       % of reads unmapped: too many mismatches |	0.00%
                 % of reads unmapped: too short |	2.06%
                     % of reads unmapped: other |	0.01%
                                  CHIMERIC READS:
                       Number of chimeric reads |	0
                            % of chimeric reads |	0.00%
