                                 Started job on |	Jul 22 22:39:37
                             Started mapping on |	Jul 22 22:44:28
                                    Finished on |	Jul 22 23:07:01
       Mapping speed, Million of reads per hour |	117.86

                          Number of input reads |	44294460
                      Average input read length |	259
                                    UNIQUE READS:
                   Uniquely mapped reads number |	36361077
                        Uniquely mapped reads % |	82.09%
                          Average mapped length |	260.61
                       Number of splices: Total |	23554556
            Number of splices: Annotated (sjdb) |	22978116
                       Number of splices: GT/AG |	23154709
                       Number of splices: GC/AG |	348892
                       Number of splices: AT/AC |	26144
               Number of splices: Non-canonical |	24811
                      Mismatch rate per base, % |	0.24%
                         Deletion rate per base |	0.00%
                        Deletion average length |	1.44
                        Insertion rate per base |	0.00%
                       Insertion average length |	1.11
                             MULTI-MAPPING READS:
        Number of reads mapped to multiple loci |	4545218
             % of reads mapped to multiple loci |	10.26%
        Number of reads mapped to too many loci |	101385
             % of reads mapped to too many loci |	0.23%
                                  UNMAPPED READS:
       % of reads unmapped: too many mismatches |	0.00%
                 % of reads unmapped: too short |	5.76%
                     % of reads unmapped: other |	1.66%
                                  CHIMERIC READS:
                       Number of chimeric reads |	0
                            % of chimeric reads |	0.00%
