                                 Started job on |	Jul 22 19:39:29
                             Started mapping on |	Jul 22 19:46:50
                                    Finished on |	Jul 22 20:18:50
       Mapping speed, Million of reads per hour |	95.78

                          Number of input reads |	51084511
                      Average input read length |	261
                                    UNIQUE READS:
                   Uniquely mapped reads number |	42202078
                        Uniquely mapped reads % |	82.61%
                          Average mapped length |	261.99
                       Number of splices: Total |	29897340
            Number of splices: Annotated (sjdb) |	29171012
                       Number of splices: GT/AG |	29399580
                       Number of splices: GC/AG |	435591
                       Number of splices: AT/AC |	31658
               Number of splices: Non-canonical |	30511
                      Mismatch rate per base, % |	0.23%
                         Deletion rate per base |	0.00%
                        Deletion average length |	1.47
                        Insertion rate per base |	0.00%
                       Insertion average length |	1.11
                             MULTI-MAPPING READS:
        Number of reads mapped to multiple loci |	5477525
             % of reads mapped to multiple loci |	10.72%
        Number of reads mapped to too many loci |	98410
             % of reads mapped to too many loci |	0.19%
                                  UNMAPPED READS:
       % of reads unmapped: too many mismatches |	0.00%
                 % of reads unmapped: too short |	4.73%
                     % of reads unmapped: other |	1.74%
                                  CHIMERIC READS:
                       Number of chimeric reads |	0
                            % of chimeric reads |	0.00%
