                                 Started job on |	Jul 23 07:58:51
                             Started mapping on |	Jul 23 08:00:37
                                    Finished on |	Jul 23 08:13:42
       Mapping speed, Million of reads per hour |	208.87

                          Number of input reads |	45545040
                      Average input read length |	267
                                    UNIQUE READS:
                   Uniquely mapped reads number |	41933366
                        Uniquely mapped reads % |	92.07%
                          Average mapped length |	263.39
                       Number of splices: Total |	18928896
            Number of splices: Annotated (sjdb) |	18161490
                       Number of splices: GT/AG |	18553523
                       Number of splices: GC/AG |	340616
                       Number of splices: AT/AC |	13804
               Number of splices: Non-canonical |	20953
                      Mismatch rate per base, % |	0.31%
                         Deletion rate per base |	0.01%
                        Deletion average length |	1.52
                        Insertion rate per base |	0.00%
                       Insertion average length |	1.18
                             MULTI-MAPPING READS:
        Number of reads mapped to multiple loci |	2714739
             % of reads mapped to multiple loci |	5.96%
        Number of reads mapped to too many loci |	4557
             % of reads mapped to too many loci |	0.01%
                                  UNMAPPED READS:
       % of reads unmapped: too many mismatches |	0.00%
                 % of reads unmapped: too short |	1.75%
                     % of reads unmapped: other |	0.21%
                                  CHIMERIC READS:
                       Number of chimeric reads |	0
                            % of chimeric reads |	0.00%
