                                 Started job on |	Jul 23 08:42:57
                             Started mapping on |	Jul 23 08:43:31
                                    Finished on |	Jul 23 08:53:48
       Mapping speed, Million of reads per hour |	250.76

                          Number of input reads |	42977974
                      Average input read length |	269
                                    UNIQUE READS:
                   Uniquely mapped reads number |	39659675
                        Uniquely mapped reads % |	92.28%
                          Average mapped length |	265.55
                       Number of splices: Total |	19377268
            Number of splices: Annotated (sjdb) |	18616686
                       Number of splices: GT/AG |	18990750
                       Number of splices: GC/AG |	335648
                       Number of splices: AT/AC |	21176
               Number of splices: Non-canonical |	29694
                      Mismatch rate per base, % |	0.31%
                         Deletion rate per base |	0.01%
                        Deletion average length |	1.56
                        Insertion rate per base |	0.00%
                       Insertion average length |	1.18
                             MULTI-MAPPING READS:
        Number of reads mapped to multiple loci |	2444518
             % of reads mapped to multiple loci |	5.69%
        Number of reads mapped to too many loci |	8178
             % of reads mapped to too many loci |	0.02%
                                  UNMAPPED READS:
       % of reads unmapped: too many mismatches |	0.00%
                 % of reads unmapped: too short |	1.69%
                     % of reads unmapped: other |	0.33%
                                  CHIMERIC READS:
                       Number of chimeric reads |	0
                            % of chimeric reads |	0.00%
