                                 Started job on |	Jul 23 09:09:14
                             Started mapping on |	Jul 23 09:09:43
                                    Finished on |	Jul 23 09:21:17
       Mapping speed, Million of reads per hour |	221.25

                          Number of input reads |	42652230
                      Average input read length |	273
                                    UNIQUE READS:
                   Uniquely mapped reads number |	39655496
                        Uniquely mapped reads % |	92.97%
                          Average mapped length |	269.37
                       Number of splices: Total |	37748530
            Number of splices: Annotated (sjdb) |	36665445
                       Number of splices: GT/AG |	37139288
                       Number of splices: GC/AG |	486849
                       Number of splices: AT/AC |	64266
               Number of splices: Non-canonical |	58127
                      Mismatch rate per base, % |	0.29%
                         Deletion rate per base |	0.00%
                        Deletion average length |	1.45
                        Insertion rate per base |	0.00%
                       Insertion average length |	1.16
                             MULTI-MAPPING READS:
        Number of reads mapped to multiple loci |	2138405
             % of reads mapped to multiple loci |	5.01%
        Number of reads mapped to too many loci |	73866
             % of reads mapped to too many loci |	0.17%
                                  UNMAPPED READS:
       % of reads unmapped: too many mismatches |	0.00%
                 % of reads unmapped: too short |	1.83%
                     % of reads unmapped: other |	0.01%
                                  CHIMERIC READS:
                       Number of chimeric reads |	0
                            % of chimeric reads |	0.00%
