                                 Started job on |	Jul 22 22:54:04
                             Started mapping on |	Jul 22 23:00:28
                                    Finished on |	Jul 22 23:36:25
       Mapping speed, Million of reads per hour |	71.23

                          Number of input reads |	42677010
                      Average input read length |	261
                                    UNIQUE READS:
                   Uniquely mapped reads number |	30394671
                        Uniquely mapped reads % |	71.22%
                          Average mapped length |	263.40
                       Number of splices: Total |	27953186
            Number of splices: Annotated (sjdb) |	27360405
                       Number of splices: GT/AG |	27470270
                       Number of splices: GC/AG |	338616
                       Number of splices: AT/AC |	41569
               Number of splices: Non-canonical |	102731
                      Mismatch rate per base, % |	0.24%
                         Deletion rate per base |	0.00%
                        Deletion average length |	1.33
                        Insertion rate per base |	0.00%
                       Insertion average length |	1.11
                             MULTI-MAPPING READS:
        Number of reads mapped to multiple loci |	8247735
             % of reads mapped to multiple loci |	19.33%
        Number of reads mapped to too many loci |	1188376
             % of reads mapped to too many loci |	2.78%
                                  UNMAPPED READS:
       % of reads unmapped: too many mismatches |	0.00%
                 % of reads unmapped: too short |	6.48%
                     % of reads unmapped: other |	0.19%
                                  CHIMERIC READS:
                       Number of chimeric reads |	0
                            % of chimeric reads |	0.00%
