                                 Started job on |	Jul 23 00:32:02
                             Started mapping on |	Jul 23 00:36:56
                                    Finished on |	Jul 23 01:43:19
       Mapping speed, Million of reads per hour |	48.44

                          Number of input reads |	53589771
                      Average input read length |	264
                                    UNIQUE READS:
                   Uniquely mapped reads number |	38080668
                        Uniquely mapped reads % |	71.06%
                          Average mapped length |	266.17
                       Number of splices: Total |	34792949
            Number of splices: Annotated (sjdb) |	34037499
                       Number of splices: GT/AG |	34162971
                       Number of splices: GC/AG |	430253
                       Number of splices: AT/AC |	55376
               Number of splices: Non-canonical |	144349
                      Mismatch rate per base, % |	0.23%
                         Deletion rate per base |	0.00%
                        Deletion average length |	1.35
                        Insertion rate per base |	0.00%
                       Insertion average length |	1.09
                             MULTI-MAPPING READS:
        Number of reads mapped to multiple loci |	11315427
             % of reads mapped to multiple loci |	21.11%
        Number of reads mapped to too many loci |	1506077
             % of reads mapped to too many loci |	2.81%
                                  UNMAPPED READS:
       % of reads unmapped: too many mismatches |	0.00%
                 % of reads unmapped: too short |	4.75%
                     % of reads unmapped: other |	0.27%
                                  CHIMERIC READS:
                       Number of chimeric reads |	0
                            % of chimeric reads |	0.00%
